GAS LISTING C:\Users\elias\AppData\Local\Temp\ccoLGES8.s 			page 1


   1              		.file	"close.c"
   2              		.option nopic
   3              		.attribute arch, "rv32i2p0_m2p0_a2p0_c2p0"
   4              		.attribute unaligned_access, 0
   5              		.attribute stack_align, 16
   6              		.text
   7              	.Ltext0:
   8              		.cfi_sections	.debug_frame
   9              		.section	.text._close,"ax",@progbits
  10              		.align	1
  11              		.globl	_close
  13              	_close:
  14              	.LFB1:
  15              		.file 1 "../../firmware/RISCV/stubs/close.c"
   1:../../firmware/RISCV/stubs/close.c **** /* See LICENSE of license details. */
   2:../../firmware/RISCV/stubs/close.c **** 
   3:../../firmware/RISCV/stubs/close.c **** #include <errno.h>
   4:../../firmware/RISCV/stubs/close.c **** #include "stub.h"
   5:../../firmware/RISCV/stubs/close.c **** 
   6:../../firmware/RISCV/stubs/close.c **** int _close(int fd)
   7:../../firmware/RISCV/stubs/close.c **** {
  16              		.loc 1 7 1
  17              		.cfi_startproc
  18              	.LVL0:
   8:../../firmware/RISCV/stubs/close.c ****   return _stub(EBADF);
  19              		.loc 1 8 3
  20              		.file 2 "../../firmware/RISCV/stubs/stub.h"
   1:../../firmware/RISCV/stubs/stub.h **** /* See LICENSE of license details. */
   2:../../firmware/RISCV/stubs/stub.h **** #ifndef _NUCLEI_SYS_STUB_H
   3:../../firmware/RISCV/stubs/stub.h **** #define _NUCLEI_SYS_STUB_H
   4:../../firmware/RISCV/stubs/stub.h **** 
   5:../../firmware/RISCV/stubs/stub.h **** #include <stdint.h>
   6:../../firmware/RISCV/stubs/stub.h **** #if   defined (__GNUC__)
   7:../../firmware/RISCV/stubs/stub.h **** #include <unistd.h>
   8:../../firmware/RISCV/stubs/stub.h **** #endif
   9:../../firmware/RISCV/stubs/stub.h **** 
  10:../../firmware/RISCV/stubs/stub.h **** void write_hex(int fd, unsigned long int hex);
  11:../../firmware/RISCV/stubs/stub.h **** 
  12:../../firmware/RISCV/stubs/stub.h **** static inline int _stub(int err)
  13:../../firmware/RISCV/stubs/stub.h **** {
  14:../../firmware/RISCV/stubs/stub.h ****   return -1;
  21              		.loc 2 14 3
   9:../../firmware/RISCV/stubs/close.c **** }
  22              		.loc 1 9 1 is_stmt 0
  23 0000 7D55     		li	a0,-1
  24              	.LVL1:
  25 0002 8280     		ret
  26              		.cfi_endproc
  27              	.LFE1:
  29              		.text
  30              	.Letext0:
  31              		.file 3 "c:\\users\\elias\\desktop\\fft\\projektet\\toolchain-gd32v-win\\compiler\\lib\\gcc\\riscv
  32              		.file 4 "c:\\users\\elias\\desktop\\fft\\projektet\\toolchain-gd32v-win\\compiler\\riscv64-unknown
  33              		.file 5 "c:\\users\\elias\\desktop\\fft\\projektet\\toolchain-gd32v-win\\compiler\\riscv64-unknown
  34              		.file 6 "c:\\users\\elias\\desktop\\fft\\projektet\\toolchain-gd32v-win\\compiler\\riscv64-unknown
  35              		.file 7 "c:\\users\\elias\\desktop\\fft\\projektet\\toolchain-gd32v-win\\compiler\\riscv64-unknown
  36              		.file 8 "c:\\users\\elias\\desktop\\fft\\projektet\\toolchain-gd32v-win\\compiler\\riscv64-unknown
GAS LISTING C:\Users\elias\AppData\Local\Temp\ccoLGES8.s 			page 2


GAS LISTING C:\Users\elias\AppData\Local\Temp\ccoLGES8.s 			page 3


DEFINED SYMBOLS
                            *ABS*:0000000000000000 close.c
C:\Users\elias\AppData\Local\Temp\ccoLGES8.s:13     .text._close:0000000000000000 _close
C:\Users\elias\AppData\Local\Temp\ccoLGES8.s:17     .text._close:0000000000000000 .L0 
C:\Users\elias\AppData\Local\Temp\ccoLGES8.s:19     .text._close:0000000000000000 .L0 
C:\Users\elias\AppData\Local\Temp\ccoLGES8.s:21     .text._close:0000000000000000 .L0 
C:\Users\elias\AppData\Local\Temp\ccoLGES8.s:22     .text._close:0000000000000000 .L0 
C:\Users\elias\AppData\Local\Temp\ccoLGES8.s:23     .text._close:0000000000000000 .L0 
C:\Users\elias\AppData\Local\Temp\ccoLGES8.s:26     .text._close:0000000000000004 .L0 
C:\Users\elias\AppData\Local\Temp\ccoLGES8.s:29     .text._close:0000000000000004 .L0 
                     .debug_frame:0000000000000000 .L0 
C:\Users\elias\AppData\Local\Temp\ccoLGES8.s:1540   .debug_abbrev:0000000000000000 .Ldebug_abbrev0
C:\Users\elias\AppData\Local\Temp\ccoLGES8.s:2208   .debug_str:00000000000002e5 .LASF128
C:\Users\elias\AppData\Local\Temp\ccoLGES8.s:2288   .debug_str:00000000000004bc .LASF129
C:\Users\elias\AppData\Local\Temp\ccoLGES8.s:2070   .debug_str:000000000000000c .LASF130
C:\Users\elias\AppData\Local\Temp\ccoLGES8.s:2060   .debug_ranges:0000000000000000 .Ldebug_ranges0
C:\Users\elias\AppData\Local\Temp\ccoLGES8.s:2066   .debug_line:0000000000000000 .Ldebug_line0
C:\Users\elias\AppData\Local\Temp\ccoLGES8.s:2158   .debug_str:00000000000001fe .LASF0
C:\Users\elias\AppData\Local\Temp\ccoLGES8.s:2098   .debug_str:00000000000000ea .LASF1
C:\Users\elias\AppData\Local\Temp\ccoLGES8.s:2202   .debug_str:00000000000002cb .LASF2
C:\Users\elias\AppData\Local\Temp\ccoLGES8.s:2186   .debug_str:000000000000028c .LASF10
C:\Users\elias\AppData\Local\Temp\ccoLGES8.s:2100   .debug_str:00000000000000f8 .LASF3
C:\Users\elias\AppData\Local\Temp\ccoLGES8.s:2222   .debug_str:000000000000039e .LASF4
C:\Users\elias\AppData\Local\Temp\ccoLGES8.s:2228   .debug_str:00000000000003ba .LASF5
C:\Users\elias\AppData\Local\Temp\ccoLGES8.s:2172   .debug_str:0000000000000241 .LASF6
C:\Users\elias\AppData\Local\Temp\ccoLGES8.s:2116   .debug_str:000000000000013d .LASF7
C:\Users\elias\AppData\Local\Temp\ccoLGES8.s:2166   .debug_str:0000000000000222 .LASF8
C:\Users\elias\AppData\Local\Temp\ccoLGES8.s:2084   .debug_str:0000000000000093 .LASF9
C:\Users\elias\AppData\Local\Temp\ccoLGES8.s:2216   .debug_str:000000000000037b .LASF11
C:\Users\elias\AppData\Local\Temp\ccoLGES8.s:2274   .debug_str:000000000000048c .LASF12
C:\Users\elias\AppData\Local\Temp\ccoLGES8.s:2308   .debug_str:0000000000000537 .LASF13
C:\Users\elias\AppData\Local\Temp\ccoLGES8.s:2182   .debug_str:000000000000027e .LASF14
C:\Users\elias\AppData\Local\Temp\ccoLGES8.s:2160   .debug_str:000000000000020b .LASF15
C:\Users\elias\AppData\Local\Temp\ccoLGES8.s:2266   .debug_str:000000000000046a .LASF16
C:\Users\elias\AppData\Local\Temp\ccoLGES8.s:2268   .debug_str:0000000000000472 .LASF17
C:\Users\elias\AppData\Local\Temp\ccoLGES8.s:2238   .debug_str:00000000000003e2 .LASF18
C:\Users\elias\AppData\Local\Temp\ccoLGES8.s:2294   .debug_str:00000000000004ed .LASF19
C:\Users\elias\AppData\Local\Temp\ccoLGES8.s:2220   .debug_str:000000000000038c .LASF20
C:\Users\elias\AppData\Local\Temp\ccoLGES8.s:2144   .debug_str:00000000000001c1 .LASF21
C:\Users\elias\AppData\Local\Temp\ccoLGES8.s:2148   .debug_str:00000000000001d2 .LASF26
C:\Users\elias\AppData\Local\Temp\ccoLGES8.s:2286   .debug_str:00000000000004b6 .LASF22
C:\Users\elias\AppData\Local\Temp\ccoLGES8.s:2260   .debug_str:0000000000000455 .LASF23
C:\Users\elias\AppData\Local\Temp\ccoLGES8.s:2142   .debug_str:00000000000001bb .LASF24
C:\Users\elias\AppData\Local\Temp\ccoLGES8.s:2302   .debug_str:0000000000000522 .LASF25
C:\Users\elias\AppData\Local\Temp\ccoLGES8.s:2156   .debug_str:00000000000001f9 .LASF27
C:\Users\elias\AppData\Local\Temp\ccoLGES8.s:2096   .debug_str:00000000000000e1 .LASF28
C:\Users\elias\AppData\Local\Temp\ccoLGES8.s:2280   .debug_str:00000000000004a0 .LASF29
C:\Users\elias\AppData\Local\Temp\ccoLGES8.s:2106   .debug_str:0000000000000110 .LASF30
C:\Users\elias\AppData\Local\Temp\ccoLGES8.s:2332   .debug_str:00000000000005a2 .LASF31
C:\Users\elias\AppData\Local\Temp\ccoLGES8.s:2210   .debug_str:000000000000035f .LASF32
C:\Users\elias\AppData\Local\Temp\ccoLGES8.s:2196   .debug_str:00000000000002b1 .LASF33
C:\Users\elias\AppData\Local\Temp\ccoLGES8.s:2304   .debug_str:0000000000000527 .LASF34
C:\Users\elias\AppData\Local\Temp\ccoLGES8.s:2230   .debug_str:00000000000003c4 .LASF35
C:\Users\elias\AppData\Local\Temp\ccoLGES8.s:2318   .debug_str:0000000000000562 .LASF36
C:\Users\elias\AppData\Local\Temp\ccoLGES8.s:2110   .debug_str:000000000000011f .LASF37
C:\Users\elias\AppData\Local\Temp\ccoLGES8.s:2138   .debug_str:00000000000001ae .LASF38
C:\Users\elias\AppData\Local\Temp\ccoLGES8.s:2068   .debug_str:0000000000000000 .LASF39
GAS LISTING C:\Users\elias\AppData\Local\Temp\ccoLGES8.s 			page 4


C:\Users\elias\AppData\Local\Temp\ccoLGES8.s:2290   .debug_str:00000000000004df .LASF40
C:\Users\elias\AppData\Local\Temp\ccoLGES8.s:2120   .debug_str:000000000000014d .LASF41
C:\Users\elias\AppData\Local\Temp\ccoLGES8.s:2212   .debug_str:0000000000000368 .LASF42
C:\Users\elias\AppData\Local\Temp\ccoLGES8.s:2252   .debug_str:0000000000000425 .LASF43
C:\Users\elias\AppData\Local\Temp\ccoLGES8.s:2140   .debug_str:00000000000001b6 .LASF44
C:\Users\elias\AppData\Local\Temp\ccoLGES8.s:2232   .debug_str:00000000000003ce .LASF45
C:\Users\elias\AppData\Local\Temp\ccoLGES8.s:2104   .debug_str:000000000000010a .LASF46
C:\Users\elias\AppData\Local\Temp\ccoLGES8.s:2072   .debug_str:0000000000000054 .LASF47
C:\Users\elias\AppData\Local\Temp\ccoLGES8.s:2240   .debug_str:00000000000003ed .LASF48
C:\Users\elias\AppData\Local\Temp\ccoLGES8.s:2118   .debug_str:0000000000000146 .LASF49
C:\Users\elias\AppData\Local\Temp\ccoLGES8.s:2168   .debug_str:0000000000000234 .LASF50
C:\Users\elias\AppData\Local\Temp\ccoLGES8.s:2086   .debug_str:00000000000000aa .LASF51
C:\Users\elias\AppData\Local\Temp\ccoLGES8.s:2112   .debug_str:000000000000012d .LASF52
C:\Users\elias\AppData\Local\Temp\ccoLGES8.s:2152   .debug_str:00000000000001e9 .LASF53
C:\Users\elias\AppData\Local\Temp\ccoLGES8.s:2194   .debug_str:00000000000002aa .LASF54
C:\Users\elias\AppData\Local\Temp\ccoLGES8.s:2270   .debug_str:000000000000047a .LASF55
C:\Users\elias\AppData\Local\Temp\ccoLGES8.s:2322   .debug_str:000000000000057c .LASF56
C:\Users\elias\AppData\Local\Temp\ccoLGES8.s:2102   .debug_str:0000000000000104 .LASF57
C:\Users\elias\AppData\Local\Temp\ccoLGES8.s:2314   .debug_str:0000000000000554 .LASF58
C:\Users\elias\AppData\Local\Temp\ccoLGES8.s:2124   .debug_str:000000000000015c .LASF59
C:\Users\elias\AppData\Local\Temp\ccoLGES8.s:2130   .debug_str:000000000000017a .LASF60
C:\Users\elias\AppData\Local\Temp\ccoLGES8.s:2078   .debug_str:000000000000006d .LASF61
C:\Users\elias\AppData\Local\Temp\ccoLGES8.s:2188   .debug_str:0000000000000293 .LASF62
C:\Users\elias\AppData\Local\Temp\ccoLGES8.s:2244   .debug_str:00000000000003ff .LASF63
C:\Users\elias\AppData\Local\Temp\ccoLGES8.s:2190   .debug_str:0000000000000299 .LASF64
C:\Users\elias\AppData\Local\Temp\ccoLGES8.s:2262   .debug_str:000000000000045d .LASF65
C:\Users\elias\AppData\Local\Temp\ccoLGES8.s:2276   .debug_str:0000000000000494 .LASF66
C:\Users\elias\AppData\Local\Temp\ccoLGES8.s:2122   .debug_str:0000000000000155 .LASF67
C:\Users\elias\AppData\Local\Temp\ccoLGES8.s:2162   .debug_str:0000000000000212 .LASF68
C:\Users\elias\AppData\Local\Temp\ccoLGES8.s:2146   .debug_str:00000000000001ca .LASF69
C:\Users\elias\AppData\Local\Temp\ccoLGES8.s:2250   .debug_str:0000000000000420 .LASF70
C:\Users\elias\AppData\Local\Temp\ccoLGES8.s:2076   .debug_str:0000000000000062 .LASF71
C:\Users\elias\AppData\Local\Temp\ccoLGES8.s:2258   .debug_str:000000000000043c .LASF72
C:\Users\elias\AppData\Local\Temp\ccoLGES8.s:2254   .debug_str:000000000000042a .LASF73
C:\Users\elias\AppData\Local\Temp\ccoLGES8.s:2214   .debug_str:0000000000000370 .LASF74
C:\Users\elias\AppData\Local\Temp\ccoLGES8.s:2256   .debug_str:0000000000000432 .LASF75
C:\Users\elias\AppData\Local\Temp\ccoLGES8.s:2180   .debug_str:0000000000000276 .LASF76
C:\Users\elias\AppData\Local\Temp\ccoLGES8.s:2154   .debug_str:00000000000001ef .LASF77
C:\Users\elias\AppData\Local\Temp\ccoLGES8.s:2330   .debug_str:000000000000059d .LASF78
C:\Users\elias\AppData\Local\Temp\ccoLGES8.s:2218   .debug_str:0000000000000382 .LASF79
C:\Users\elias\AppData\Local\Temp\ccoLGES8.s:2164   .debug_str:000000000000021a .LASF80
C:\Users\elias\AppData\Local\Temp\ccoLGES8.s:2128   .debug_str:0000000000000172 .LASF81
C:\Users\elias\AppData\Local\Temp\ccoLGES8.s:2224   .debug_str:00000000000003ac .LASF82
C:\Users\elias\AppData\Local\Temp\ccoLGES8.s:2174   .debug_str:0000000000000254 .LASF83
C:\Users\elias\AppData\Local\Temp\ccoLGES8.s:2312   .debug_str:000000000000054a .LASF84
C:\Users\elias\AppData\Local\Temp\ccoLGES8.s:2114   .debug_str:0000000000000135 .LASF85
C:\Users\elias\AppData\Local\Temp\ccoLGES8.s:2108   .debug_str:000000000000011a .LASF86
C:\Users\elias\AppData\Local\Temp\ccoLGES8.s:2278   .debug_str:000000000000049b .LASF87
C:\Users\elias\AppData\Local\Temp\ccoLGES8.s:2236   .debug_str:00000000000003db .LASF88
C:\Users\elias\AppData\Local\Temp\ccoLGES8.s:2306   .debug_str:0000000000000531 .LASF89
C:\Users\elias\AppData\Local\Temp\ccoLGES8.s:2170   .debug_str:000000000000023a .LASF90
C:\Users\elias\AppData\Local\Temp\ccoLGES8.s:2234   .debug_str:00000000000003d5 .LASF91
C:\Users\elias\AppData\Local\Temp\ccoLGES8.s:2074   .debug_str:000000000000005a .LASF92
C:\Users\elias\AppData\Local\Temp\ccoLGES8.s:2264   .debug_str:0000000000000464 .LASF93
C:\Users\elias\AppData\Local\Temp\ccoLGES8.s:2284   .debug_str:00000000000004b0 .LASF94
C:\Users\elias\AppData\Local\Temp\ccoLGES8.s:2292   .debug_str:00000000000004e8 .LASF95
C:\Users\elias\AppData\Local\Temp\ccoLGES8.s:2300   .debug_str:0000000000000515 .LASF96
GAS LISTING C:\Users\elias\AppData\Local\Temp\ccoLGES8.s 			page 5


C:\Users\elias\AppData\Local\Temp\ccoLGES8.s:2134   .debug_str:0000000000000193 .LASF97
C:\Users\elias\AppData\Local\Temp\ccoLGES8.s:2178   .debug_str:0000000000000269 .LASF98
C:\Users\elias\AppData\Local\Temp\ccoLGES8.s:2320   .debug_str:000000000000056d .LASF99
C:\Users\elias\AppData\Local\Temp\ccoLGES8.s:2150   .debug_str:00000000000001da .LASF100
C:\Users\elias\AppData\Local\Temp\ccoLGES8.s:2246   .debug_str:0000000000000408 .LASF101
C:\Users\elias\AppData\Local\Temp\ccoLGES8.s:2324   .debug_str:0000000000000583 .LASF102
C:\Users\elias\AppData\Local\Temp\ccoLGES8.s:2248   .debug_str:0000000000000413 .LASF103
C:\Users\elias\AppData\Local\Temp\ccoLGES8.s:2328   .debug_str:000000000000058f .LASF104
C:\Users\elias\AppData\Local\Temp\ccoLGES8.s:2094   .debug_str:00000000000000d3 .LASF105
C:\Users\elias\AppData\Local\Temp\ccoLGES8.s:2310   .debug_str:0000000000000540 .LASF106
C:\Users\elias\AppData\Local\Temp\ccoLGES8.s:2176   .debug_str:000000000000025d .LASF107
C:\Users\elias\AppData\Local\Temp\ccoLGES8.s:2296   .debug_str:00000000000004f5 .LASF108
C:\Users\elias\AppData\Local\Temp\ccoLGES8.s:2136   .debug_str:00000000000001a0 .LASF109
C:\Users\elias\AppData\Local\Temp\ccoLGES8.s:2092   .debug_str:00000000000000c4 .LASF110
C:\Users\elias\AppData\Local\Temp\ccoLGES8.s:2132   .debug_str:0000000000000182 .LASF111
C:\Users\elias\AppData\Local\Temp\ccoLGES8.s:2080   .debug_str:0000000000000073 .LASF112
C:\Users\elias\AppData\Local\Temp\ccoLGES8.s:2082   .debug_str:0000000000000082 .LASF113
C:\Users\elias\AppData\Local\Temp\ccoLGES8.s:2226   .debug_str:00000000000003b1 .LASF114
C:\Users\elias\AppData\Local\Temp\ccoLGES8.s:2206   .debug_str:00000000000002de .LASF115
C:\Users\elias\AppData\Local\Temp\ccoLGES8.s:2198   .debug_str:00000000000002bb .LASF116
C:\Users\elias\AppData\Local\Temp\ccoLGES8.s:2316   .debug_str:000000000000055a .LASF117
C:\Users\elias\AppData\Local\Temp\ccoLGES8.s:2088   .debug_str:00000000000000b3 .LASF131
C:\Users\elias\AppData\Local\Temp\ccoLGES8.s:2272   .debug_str:0000000000000480 .LASF118
C:\Users\elias\AppData\Local\Temp\ccoLGES8.s:2298   .debug_str:0000000000000502 .LASF119
C:\Users\elias\AppData\Local\Temp\ccoLGES8.s:2126   .debug_str:0000000000000165 .LASF120
C:\Users\elias\AppData\Local\Temp\ccoLGES8.s:2242   .debug_str:00000000000003f5 .LASF121
C:\Users\elias\AppData\Local\Temp\ccoLGES8.s:2184   .debug_str:0000000000000284 .LASF122
C:\Users\elias\AppData\Local\Temp\ccoLGES8.s:2200   .debug_str:00000000000002c4 .LASF123
C:\Users\elias\AppData\Local\Temp\ccoLGES8.s:2204   .debug_str:00000000000002d7 .LASF124
C:\Users\elias\AppData\Local\Temp\ccoLGES8.s:2282   .debug_str:00000000000004a9 .LASF125
C:\Users\elias\AppData\Local\Temp\ccoLGES8.s:2326   .debug_str:0000000000000588 .LASF126
C:\Users\elias\AppData\Local\Temp\ccoLGES8.s:2192   .debug_str:00000000000002a1 .LASF127
C:\Users\elias\AppData\Local\Temp\ccoLGES8.s:14     .text._close:0000000000000000 .LFB1
C:\Users\elias\AppData\Local\Temp\ccoLGES8.s:27     .text._close:0000000000000004 .LFE1
C:\Users\elias\AppData\Local\Temp\ccoLGES8.s:2033   .debug_loc:0000000000000000 .LLST0
C:\Users\elias\AppData\Local\Temp\ccoLGES8.s:2090   .debug_str:00000000000000be .LASF132
C:\Users\elias\AppData\Local\Temp\ccoLGES8.s:18     .text._close:0000000000000000 .LVL0
C:\Users\elias\AppData\Local\Temp\ccoLGES8.s:24     .text._close:0000000000000002 .LVL1
C:\Users\elias\AppData\Local\Temp\ccoLGES8.s:38     .debug_info:0000000000000000 .Ldebug_info0

NO UNDEFINED SYMBOLS
