GAS LISTING C:\Users\elias\AppData\Local\Temp\cckSUgFa.s 			page 1


   1              		.file	"handlers.c"
   2              		.option nopic
   3              		.attribute arch, "rv32i2p0_m2p0_a2p0_c2p0"
   4              		.attribute unaligned_access, 0
   5              		.attribute stack_align, 16
   6              		.text
   7              	.Ltext0:
   8              		.cfi_sections	.debug_frame
   9              		.section	.text.handle_nmi,"ax",@progbits
  10              		.align	1
  11              		.weak	handle_nmi
  13              	handle_nmi:
  14              	.LFB5:
  15              		.file 1 "../../firmware/RISCV/env_Eclipse/handlers.c"
   1:../../firmware/RISCV/env_Eclipse/handlers.c **** //See LICENSE for license details.
   2:../../firmware/RISCV/env_Eclipse/handlers.c **** #include <stdint.h>
   3:../../firmware/RISCV/env_Eclipse/handlers.c **** #include <stdio.h>
   4:../../firmware/RISCV/env_Eclipse/handlers.c **** #include <unistd.h>
   5:../../firmware/RISCV/env_Eclipse/handlers.c **** #include "riscv_encoding.h"
   6:../../firmware/RISCV/env_Eclipse/handlers.c **** #include "n200_func.h"
   7:../../firmware/RISCV/env_Eclipse/handlers.c **** 
   8:../../firmware/RISCV/env_Eclipse/handlers.c **** __attribute__((weak)) uintptr_t handle_nmi()
   9:../../firmware/RISCV/env_Eclipse/handlers.c **** {
  16              		.loc 1 9 1
  17              		.cfi_startproc
  10:../../firmware/RISCV/env_Eclipse/handlers.c ****   write(1, "nmi\n", 5);
  18              		.loc 1 10 3
  19 0000 B7050000 		lui	a1,%hi(.LC0)
   9:../../firmware/RISCV/env_Eclipse/handlers.c ****   write(1, "nmi\n", 5);
  20              		.loc 1 9 1 is_stmt 0
  21 0004 4111     		addi	sp,sp,-16
  22              	.LCFI0:
  23              		.cfi_def_cfa_offset 16
  24              		.loc 1 10 3
  25 0006 1546     		li	a2,5
  26 0008 93850500 		addi	a1,a1,%lo(.LC0)
  27 000c 0545     		li	a0,1
   9:../../firmware/RISCV/env_Eclipse/handlers.c ****   write(1, "nmi\n", 5);
  28              		.loc 1 9 1
  29 000e 06C6     		sw	ra,12(sp)
  30              		.cfi_offset 1, -4
  31              		.loc 1 10 3
  32 0010 97000000 		call	write
  32      E7800000 
  33              	.LVL0:
  11:../../firmware/RISCV/env_Eclipse/handlers.c ****   _exit(1);
  34              		.loc 1 11 3 is_stmt 1
  35 0018 0545     		li	a0,1
  36 001a 97000000 		call	_exit
  36      E7800000 
  37              	.LVL1:
  38              		.cfi_endproc
  39              	.LFE5:
  41              		.section	.text.handle_trap,"ax",@progbits
  42              		.align	1
  43              		.weak	handle_trap
  45              	handle_trap:
GAS LISTING C:\Users\elias\AppData\Local\Temp\cckSUgFa.s 			page 2


  46              	.LFB6:
  12:../../firmware/RISCV/env_Eclipse/handlers.c ****   return 0;
  13:../../firmware/RISCV/env_Eclipse/handlers.c **** }
  14:../../firmware/RISCV/env_Eclipse/handlers.c **** 
  15:../../firmware/RISCV/env_Eclipse/handlers.c **** 
  16:../../firmware/RISCV/env_Eclipse/handlers.c **** __attribute__((weak)) uintptr_t handle_trap(uintptr_t mcause, uintptr_t sp)
  17:../../firmware/RISCV/env_Eclipse/handlers.c **** {
  47              		.loc 1 17 1
  48              		.cfi_startproc
  49              	.LVL2:
  18:../../firmware/RISCV/env_Eclipse/handlers.c ****   if((mcause & 0xFFF) == 0xFFF) {
  50              		.loc 1 18 3
  17:../../firmware/RISCV/env_Eclipse/handlers.c ****   if((mcause & 0xFFF) == 0xFFF) {
  51              		.loc 1 17 1 is_stmt 0
  52 0000 4111     		addi	sp,sp,-16
  53              	.LCFI1:
  54              		.cfi_def_cfa_offset 16
  55              		.loc 1 18 14
  56 0002 9347F5FF 		not	a5,a0
  17:../../firmware/RISCV/env_Eclipse/handlers.c ****   if((mcause & 0xFFF) == 0xFFF) {
  57              		.loc 1 17 1
  58 0006 22C4     		sw	s0,8(sp)
  59 0008 06C6     		sw	ra,12(sp)
  60              		.cfi_offset 8, -8
  61              		.cfi_offset 1, -4
  62              		.loc 1 18 5
  63 000a 13974701 		slli	a4,a5,20
  17:../../firmware/RISCV/env_Eclipse/handlers.c ****   if((mcause & 0xFFF) == 0xFFF) {
  64              		.loc 1 17 1
  65 000e 2A84     		mv	s0,a0
  66              		.loc 1 18 5
  67 0010 05C3     		beq	a4,zero,.L7
  68              	.LVL3:
  69              	.L5:
  19:../../firmware/RISCV/env_Eclipse/handlers.c ****       handle_nmi();
  20:../../firmware/RISCV/env_Eclipse/handlers.c ****   }
  21:../../firmware/RISCV/env_Eclipse/handlers.c ****   write(1, "trap\n", 5);
  70              		.loc 1 21 3 is_stmt 1
  71 0012 B7050000 		lui	a1,%hi(.LC1)
  72 0016 1546     		li	a2,5
  73 0018 93850500 		addi	a1,a1,%lo(.LC1)
  74 001c 0545     		li	a0,1
  75 001e 97000000 		call	write
  75      E7800000 
  76              	.LVL4:
  22:../../firmware/RISCV/env_Eclipse/handlers.c ****   //printf("In trap handler, the mcause is %d\n", mcause);
  23:../../firmware/RISCV/env_Eclipse/handlers.c ****   //printf("In trap handler, the mepc is 0x%x\n", read_csr(mepc));
  24:../../firmware/RISCV/env_Eclipse/handlers.c ****   //printf("In trap handler, the mtval is 0x%x\n", read_csr(mbadaddr));
  25:../../firmware/RISCV/env_Eclipse/handlers.c ****   _exit(mcause);
  77              		.loc 1 25 3
  78 0026 2285     		mv	a0,s0
  79 0028 97000000 		call	_exit
  79      E7800000 
  80              	.LVL5:
  81              	.L7:
  19:../../firmware/RISCV/env_Eclipse/handlers.c ****       handle_nmi();
  82              		.loc 1 19 7
GAS LISTING C:\Users\elias\AppData\Local\Temp\cckSUgFa.s 			page 3


  83 0030 97000000 		call	handle_nmi
  83      E7800000 
  84              	.LVL6:
  85 0038 E9BF     		j	.L5
  86              		.cfi_endproc
  87              	.LFE6:
  89              		.section	.rodata.handle_nmi.str1.4,"aMS",@progbits,1
  90              		.align	2
  91              	.LC0:
  92 0000 6E6D690A 		.string	"nmi\n"
  92      00
  93              		.section	.rodata.handle_trap.str1.4,"aMS",@progbits,1
  94              		.align	2
  95              	.LC1:
  96 0000 74726170 		.string	"trap\n"
  96      0A00
  97              		.text
  98              	.Letext0:
  99              		.file 2 "c:\\users\\elias\\desktop\\fft\\projektet\\toolchain-gd32v-win\\compiler\\riscv64-unknown
 100              		.file 3 "c:\\users\\elias\\desktop\\fft\\projektet\\toolchain-gd32v-win\\compiler\\riscv64-unknown
 101              		.file 4 "c:\\users\\elias\\desktop\\fft\\projektet\\toolchain-gd32v-win\\compiler\\lib\\gcc\\riscv
 102              		.file 5 "c:\\users\\elias\\desktop\\fft\\projektet\\toolchain-gd32v-win\\compiler\\riscv64-unknown
 103              		.file 6 "c:\\users\\elias\\desktop\\fft\\projektet\\toolchain-gd32v-win\\compiler\\riscv64-unknown
 104              		.file 7 "c:\\users\\elias\\desktop\\fft\\projektet\\toolchain-gd32v-win\\compiler\\riscv64-unknown
 105              		.file 8 "c:\\users\\elias\\desktop\\fft\\projektet\\toolchain-gd32v-win\\compiler\\riscv64-unknown
GAS LISTING C:\Users\elias\AppData\Local\Temp\cckSUgFa.s 			page 4


DEFINED SYMBOLS
                            *ABS*:0000000000000000 handlers.c
C:\Users\elias\AppData\Local\Temp\cckSUgFa.s:13     .text.handle_nmi:0000000000000000 handle_nmi
C:\Users\elias\AppData\Local\Temp\cckSUgFa.s:17     .text.handle_nmi:0000000000000000 .L0 
C:\Users\elias\AppData\Local\Temp\cckSUgFa.s:18     .text.handle_nmi:0000000000000000 .L0 
C:\Users\elias\AppData\Local\Temp\cckSUgFa.s:19     .text.handle_nmi:0000000000000000 .L0 
C:\Users\elias\AppData\Local\Temp\cckSUgFa.s:21     .text.handle_nmi:0000000000000004 .L0 
C:\Users\elias\AppData\Local\Temp\cckSUgFa.s:23     .text.handle_nmi:0000000000000006 .L0 
C:\Users\elias\AppData\Local\Temp\cckSUgFa.s:25     .text.handle_nmi:0000000000000006 .L0 
C:\Users\elias\AppData\Local\Temp\cckSUgFa.s:29     .text.handle_nmi:000000000000000e .L0 
C:\Users\elias\AppData\Local\Temp\cckSUgFa.s:30     .text.handle_nmi:0000000000000010 .L0 
C:\Users\elias\AppData\Local\Temp\cckSUgFa.s:32     .text.handle_nmi:0000000000000010 .L0 
C:\Users\elias\AppData\Local\Temp\cckSUgFa.s:35     .text.handle_nmi:0000000000000018 .L0 
C:\Users\elias\AppData\Local\Temp\cckSUgFa.s:38     .text.handle_nmi:0000000000000022 .L0 
C:\Users\elias\AppData\Local\Temp\cckSUgFa.s:45     .text.handle_trap:0000000000000000 handle_trap
C:\Users\elias\AppData\Local\Temp\cckSUgFa.s:48     .text.handle_trap:0000000000000000 .L0 
C:\Users\elias\AppData\Local\Temp\cckSUgFa.s:50     .text.handle_trap:0000000000000000 .L0 
C:\Users\elias\AppData\Local\Temp\cckSUgFa.s:51     .text.handle_trap:0000000000000000 .L0 
C:\Users\elias\AppData\Local\Temp\cckSUgFa.s:52     .text.handle_trap:0000000000000000 .L0 
C:\Users\elias\AppData\Local\Temp\cckSUgFa.s:54     .text.handle_trap:0000000000000002 .L0 
C:\Users\elias\AppData\Local\Temp\cckSUgFa.s:56     .text.handle_trap:0000000000000002 .L0 
C:\Users\elias\AppData\Local\Temp\cckSUgFa.s:58     .text.handle_trap:0000000000000006 .L0 
C:\Users\elias\AppData\Local\Temp\cckSUgFa.s:60     .text.handle_trap:000000000000000a .L0 
C:\Users\elias\AppData\Local\Temp\cckSUgFa.s:61     .text.handle_trap:000000000000000a .L0 
C:\Users\elias\AppData\Local\Temp\cckSUgFa.s:63     .text.handle_trap:000000000000000a .L0 
C:\Users\elias\AppData\Local\Temp\cckSUgFa.s:65     .text.handle_trap:000000000000000e .L0 
C:\Users\elias\AppData\Local\Temp\cckSUgFa.s:67     .text.handle_trap:0000000000000010 .L0 
C:\Users\elias\AppData\Local\Temp\cckSUgFa.s:71     .text.handle_trap:0000000000000012 .L0 
C:\Users\elias\AppData\Local\Temp\cckSUgFa.s:78     .text.handle_trap:0000000000000026 .L0 
C:\Users\elias\AppData\Local\Temp\cckSUgFa.s:83     .text.handle_trap:0000000000000030 .L0 
C:\Users\elias\AppData\Local\Temp\cckSUgFa.s:86     .text.handle_trap:000000000000003a .L0 
C:\Users\elias\AppData\Local\Temp\cckSUgFa.s:41     .text.handle_nmi:0000000000000022 .L0 
C:\Users\elias\AppData\Local\Temp\cckSUgFa.s:89     .text.handle_trap:000000000000003a .L0 
                     .debug_frame:0000000000000000 .L0 
C:\Users\elias\AppData\Local\Temp\cckSUgFa.s:91     .rodata.handle_nmi.str1.4:0000000000000000 .LC0
C:\Users\elias\AppData\Local\Temp\cckSUgFa.s:95     .rodata.handle_trap.str1.4:0000000000000000 .LC1
C:\Users\elias\AppData\Local\Temp\cckSUgFa.s:81     .text.handle_trap:0000000000000030 .L7
C:\Users\elias\AppData\Local\Temp\cckSUgFa.s:69     .text.handle_trap:0000000000000012 .L5
C:\Users\elias\AppData\Local\Temp\cckSUgFa.s:1680   .debug_abbrev:0000000000000000 .Ldebug_abbrev0
C:\Users\elias\AppData\Local\Temp\cckSUgFa.s:2470   .debug_str:0000000000000326 .LASF131
C:\Users\elias\AppData\Local\Temp\cckSUgFa.s:2396   .debug_str:00000000000001b9 .LASF132
C:\Users\elias\AppData\Local\Temp\cckSUgFa.s:2324   .debug_str:000000000000000c .LASF133
C:\Users\elias\AppData\Local\Temp\cckSUgFa.s:2312   .debug_ranges:0000000000000000 .Ldebug_ranges0
C:\Users\elias\AppData\Local\Temp\cckSUgFa.s:2320   .debug_line:0000000000000000 .Ldebug_line0
C:\Users\elias\AppData\Local\Temp\cckSUgFa.s:2360   .debug_str:0000000000000115 .LASF0
C:\Users\elias\AppData\Local\Temp\cckSUgFa.s:2484   .debug_str:00000000000003df .LASF1
C:\Users\elias\AppData\Local\Temp\cckSUgFa.s:2490   .debug_str:00000000000003fb .LASF2
C:\Users\elias\AppData\Local\Temp\cckSUgFa.s:2432   .debug_str:0000000000000277 .LASF3
C:\Users\elias\AppData\Local\Temp\cckSUgFa.s:2376   .debug_str:000000000000015a .LASF4
C:\Users\elias\AppData\Local\Temp\cckSUgFa.s:2424   .debug_str:0000000000000251 .LASF5
C:\Users\elias\AppData\Local\Temp\cckSUgFa.s:2358   .debug_str:0000000000000107 .LASF6
C:\Users\elias\AppData\Local\Temp\cckSUgFa.s:2344   .debug_str:00000000000000b0 .LASF7
C:\Users\elias\AppData\Local\Temp\cckSUgFa.s:2504   .debug_str:0000000000000436 .LASF9
C:\Users\elias\AppData\Local\Temp\cckSUgFa.s:2416   .debug_str:000000000000022d .LASF8
C:\Users\elias\AppData\Local\Temp\cckSUgFa.s:2328   .debug_str:000000000000005a .LASF10
C:\Users\elias\AppData\Local\Temp\cckSUgFa.s:2464   .debug_str:000000000000030c .LASF11
C:\Users\elias\AppData\Local\Temp\cckSUgFa.s:2446   .debug_str:00000000000002c2 .LASF12
GAS LISTING C:\Users\elias\AppData\Local\Temp\cckSUgFa.s 			page 5


C:\Users\elias\AppData\Local\Temp\cckSUgFa.s:2478   .debug_str:00000000000003bc .LASF13
C:\Users\elias\AppData\Local\Temp\cckSUgFa.s:2536   .debug_str:00000000000004ce .LASF14
C:\Users\elias\AppData\Local\Temp\cckSUgFa.s:2570   .debug_str:0000000000000563 .LASF15
C:\Users\elias\AppData\Local\Temp\cckSUgFa.s:2442   .debug_str:00000000000002b4 .LASF16
C:\Users\elias\AppData\Local\Temp\cckSUgFa.s:2418   .debug_str:000000000000023a .LASF17
C:\Users\elias\AppData\Local\Temp\cckSUgFa.s:2528   .debug_str:00000000000004ac .LASF18
C:\Users\elias\AppData\Local\Temp\cckSUgFa.s:2530   .debug_str:00000000000004b4 .LASF19
C:\Users\elias\AppData\Local\Temp\cckSUgFa.s:2500   .debug_str:0000000000000423 .LASF20
C:\Users\elias\AppData\Local\Temp\cckSUgFa.s:2556   .debug_str:0000000000000519 .LASF21
C:\Users\elias\AppData\Local\Temp\cckSUgFa.s:2482   .debug_str:00000000000003cd .LASF22
C:\Users\elias\AppData\Local\Temp\cckSUgFa.s:2402   .debug_str:00000000000001f0 .LASF23
C:\Users\elias\AppData\Local\Temp\cckSUgFa.s:2406   .debug_str:0000000000000201 .LASF28
C:\Users\elias\AppData\Local\Temp\cckSUgFa.s:2548   .debug_str:00000000000004f8 .LASF24
C:\Users\elias\AppData\Local\Temp\cckSUgFa.s:2520   .debug_str:000000000000048f .LASF25
C:\Users\elias\AppData\Local\Temp\cckSUgFa.s:2400   .debug_str:00000000000001ea .LASF26
C:\Users\elias\AppData\Local\Temp\cckSUgFa.s:2564   .debug_str:000000000000054e .LASF27
C:\Users\elias\AppData\Local\Temp\cckSUgFa.s:2414   .debug_str:0000000000000228 .LASF29
C:\Users\elias\AppData\Local\Temp\cckSUgFa.s:2354   .debug_str:00000000000000f8 .LASF30
C:\Users\elias\AppData\Local\Temp\cckSUgFa.s:2542   .debug_str:00000000000004e2 .LASF31
C:\Users\elias\AppData\Local\Temp\cckSUgFa.s:2366   .debug_str:000000000000012d .LASF32
C:\Users\elias\AppData\Local\Temp\cckSUgFa.s:2594   .debug_str:00000000000005ce .LASF33
C:\Users\elias\AppData\Local\Temp\cckSUgFa.s:2472   .debug_str:00000000000003a0 .LASF34
C:\Users\elias\AppData\Local\Temp\cckSUgFa.s:2458   .debug_str:00000000000002f2 .LASF35
C:\Users\elias\AppData\Local\Temp\cckSUgFa.s:2566   .debug_str:0000000000000553 .LASF36
C:\Users\elias\AppData\Local\Temp\cckSUgFa.s:2492   .debug_str:0000000000000405 .LASF37
C:\Users\elias\AppData\Local\Temp\cckSUgFa.s:2580   .debug_str:000000000000058e .LASF38
C:\Users\elias\AppData\Local\Temp\cckSUgFa.s:2370   .debug_str:000000000000013c .LASF39
C:\Users\elias\AppData\Local\Temp\cckSUgFa.s:2394   .debug_str:00000000000001b1 .LASF40
C:\Users\elias\AppData\Local\Temp\cckSUgFa.s:2322   .debug_str:0000000000000000 .LASF41
C:\Users\elias\AppData\Local\Temp\cckSUgFa.s:2552   .debug_str:000000000000050b .LASF42
C:\Users\elias\AppData\Local\Temp\cckSUgFa.s:2380   .debug_str:000000000000016a .LASF43
C:\Users\elias\AppData\Local\Temp\cckSUgFa.s:2474   .debug_str:00000000000003a9 .LASF44
C:\Users\elias\AppData\Local\Temp\cckSUgFa.s:2512   .debug_str:000000000000045f .LASF45
C:\Users\elias\AppData\Local\Temp\cckSUgFa.s:2398   .debug_str:00000000000001e5 .LASF46
C:\Users\elias\AppData\Local\Temp\cckSUgFa.s:2494   .debug_str:000000000000040f .LASF47
C:\Users\elias\AppData\Local\Temp\cckSUgFa.s:2364   .debug_str:0000000000000127 .LASF48
C:\Users\elias\AppData\Local\Temp\cckSUgFa.s:2326   .debug_str:0000000000000054 .LASF49
C:\Users\elias\AppData\Local\Temp\cckSUgFa.s:2502   .debug_str:000000000000042e .LASF50
C:\Users\elias\AppData\Local\Temp\cckSUgFa.s:2378   .debug_str:0000000000000163 .LASF51
C:\Users\elias\AppData\Local\Temp\cckSUgFa.s:2426   .debug_str:0000000000000263 .LASF52
C:\Users\elias\AppData\Local\Temp\cckSUgFa.s:2346   .debug_str:00000000000000c7 .LASF53
C:\Users\elias\AppData\Local\Temp\cckSUgFa.s:2372   .debug_str:000000000000014a .LASF54
C:\Users\elias\AppData\Local\Temp\cckSUgFa.s:2410   .debug_str:0000000000000218 .LASF55
C:\Users\elias\AppData\Local\Temp\cckSUgFa.s:2456   .debug_str:00000000000002eb .LASF56
C:\Users\elias\AppData\Local\Temp\cckSUgFa.s:2532   .debug_str:00000000000004bc .LASF57
C:\Users\elias\AppData\Local\Temp\cckSUgFa.s:2584   .debug_str:00000000000005a8 .LASF58
C:\Users\elias\AppData\Local\Temp\cckSUgFa.s:2362   .debug_str:0000000000000121 .LASF59
C:\Users\elias\AppData\Local\Temp\cckSUgFa.s:2576   .debug_str:0000000000000580 .LASF60
C:\Users\elias\AppData\Local\Temp\cckSUgFa.s:2384   .debug_str:0000000000000179 .LASF61
C:\Users\elias\AppData\Local\Temp\cckSUgFa.s:2388   .debug_str:000000000000018a .LASF62
C:\Users\elias\AppData\Local\Temp\cckSUgFa.s:2338   .debug_str:000000000000008a .LASF63
C:\Users\elias\AppData\Local\Temp\cckSUgFa.s:2450   .debug_str:00000000000002d4 .LASF64
C:\Users\elias\AppData\Local\Temp\cckSUgFa.s:2334   .debug_str:0000000000000075 .LASF65
C:\Users\elias\AppData\Local\Temp\cckSUgFa.s:2452   .debug_str:00000000000002da .LASF66
C:\Users\elias\AppData\Local\Temp\cckSUgFa.s:2522   .debug_str:0000000000000497 .LASF67
C:\Users\elias\AppData\Local\Temp\cckSUgFa.s:2538   .debug_str:00000000000004d6 .LASF68
C:\Users\elias\AppData\Local\Temp\cckSUgFa.s:2382   .debug_str:0000000000000172 .LASF69
GAS LISTING C:\Users\elias\AppData\Local\Temp\cckSUgFa.s 			page 6


C:\Users\elias\AppData\Local\Temp\cckSUgFa.s:2420   .debug_str:0000000000000241 .LASF70
C:\Users\elias\AppData\Local\Temp\cckSUgFa.s:2404   .debug_str:00000000000001f9 .LASF71
C:\Users\elias\AppData\Local\Temp\cckSUgFa.s:2510   .debug_str:000000000000045a .LASF72
C:\Users\elias\AppData\Local\Temp\cckSUgFa.s:2330   .debug_str:0000000000000064 .LASF73
C:\Users\elias\AppData\Local\Temp\cckSUgFa.s:2518   .debug_str:0000000000000476 .LASF74
C:\Users\elias\AppData\Local\Temp\cckSUgFa.s:2514   .debug_str:0000000000000464 .LASF75
C:\Users\elias\AppData\Local\Temp\cckSUgFa.s:2476   .debug_str:00000000000003b1 .LASF76
C:\Users\elias\AppData\Local\Temp\cckSUgFa.s:2516   .debug_str:000000000000046c .LASF77
C:\Users\elias\AppData\Local\Temp\cckSUgFa.s:2440   .debug_str:00000000000002ac .LASF78
C:\Users\elias\AppData\Local\Temp\cckSUgFa.s:2412   .debug_str:000000000000021e .LASF79
C:\Users\elias\AppData\Local\Temp\cckSUgFa.s:2592   .debug_str:00000000000005c9 .LASF80
C:\Users\elias\AppData\Local\Temp\cckSUgFa.s:2480   .debug_str:00000000000003c3 .LASF81
C:\Users\elias\AppData\Local\Temp\cckSUgFa.s:2422   .debug_str:0000000000000249 .LASF82
C:\Users\elias\AppData\Local\Temp\cckSUgFa.s:2386   .debug_str:0000000000000182 .LASF83
C:\Users\elias\AppData\Local\Temp\cckSUgFa.s:2486   .debug_str:00000000000003ed .LASF84
C:\Users\elias\AppData\Local\Temp\cckSUgFa.s:2434   .debug_str:000000000000028a .LASF85
C:\Users\elias\AppData\Local\Temp\cckSUgFa.s:2574   .debug_str:0000000000000576 .LASF86
C:\Users\elias\AppData\Local\Temp\cckSUgFa.s:2374   .debug_str:0000000000000152 .LASF87
C:\Users\elias\AppData\Local\Temp\cckSUgFa.s:2368   .debug_str:0000000000000137 .LASF88
C:\Users\elias\AppData\Local\Temp\cckSUgFa.s:2540   .debug_str:00000000000004dd .LASF89
C:\Users\elias\AppData\Local\Temp\cckSUgFa.s:2498   .debug_str:000000000000041c .LASF90
C:\Users\elias\AppData\Local\Temp\cckSUgFa.s:2568   .debug_str:000000000000055d .LASF91
C:\Users\elias\AppData\Local\Temp\cckSUgFa.s:2428   .debug_str:0000000000000269 .LASF92
C:\Users\elias\AppData\Local\Temp\cckSUgFa.s:2496   .debug_str:0000000000000416 .LASF93
C:\Users\elias\AppData\Local\Temp\cckSUgFa.s:2524   .debug_str:000000000000049e .LASF94
C:\Users\elias\AppData\Local\Temp\cckSUgFa.s:2526   .debug_str:00000000000004a6 .LASF95
C:\Users\elias\AppData\Local\Temp\cckSUgFa.s:2546   .debug_str:00000000000004f2 .LASF96
C:\Users\elias\AppData\Local\Temp\cckSUgFa.s:2554   .debug_str:0000000000000514 .LASF97
C:\Users\elias\AppData\Local\Temp\cckSUgFa.s:2562   .debug_str:0000000000000541 .LASF98
C:\Users\elias\AppData\Local\Temp\cckSUgFa.s:2550   .debug_str:00000000000004fe .LASF99
C:\Users\elias\AppData\Local\Temp\cckSUgFa.s:2438   .debug_str:000000000000029f .LASF100
C:\Users\elias\AppData\Local\Temp\cckSUgFa.s:2582   .debug_str:0000000000000599 .LASF101
C:\Users\elias\AppData\Local\Temp\cckSUgFa.s:2408   .debug_str:0000000000000209 .LASF102
C:\Users\elias\AppData\Local\Temp\cckSUgFa.s:2506   .debug_str:0000000000000442 .LASF103
C:\Users\elias\AppData\Local\Temp\cckSUgFa.s:2586   .debug_str:00000000000005af .LASF104
C:\Users\elias\AppData\Local\Temp\cckSUgFa.s:2508   .debug_str:000000000000044d .LASF105
C:\Users\elias\AppData\Local\Temp\cckSUgFa.s:2590   .debug_str:00000000000005bb .LASF106
C:\Users\elias\AppData\Local\Temp\cckSUgFa.s:2352   .debug_str:00000000000000ea .LASF107
C:\Users\elias\AppData\Local\Temp\cckSUgFa.s:2572   .debug_str:000000000000056c .LASF108
C:\Users\elias\AppData\Local\Temp\cckSUgFa.s:2436   .debug_str:0000000000000293 .LASF109
C:\Users\elias\AppData\Local\Temp\cckSUgFa.s:2558   .debug_str:0000000000000521 .LASF110
C:\Users\elias\AppData\Local\Temp\cckSUgFa.s:2392   .debug_str:00000000000001a3 .LASF111
C:\Users\elias\AppData\Local\Temp\cckSUgFa.s:2350   .debug_str:00000000000000db .LASF112
C:\Users\elias\AppData\Local\Temp\cckSUgFa.s:2390   .debug_str:0000000000000192 .LASF113
C:\Users\elias\AppData\Local\Temp\cckSUgFa.s:2340   .debug_str:0000000000000090 .LASF114
C:\Users\elias\AppData\Local\Temp\cckSUgFa.s:2342   .debug_str:000000000000009f .LASF115
C:\Users\elias\AppData\Local\Temp\cckSUgFa.s:2488   .debug_str:00000000000003f2 .LASF116
C:\Users\elias\AppData\Local\Temp\cckSUgFa.s:2468   .debug_str:000000000000031f .LASF117
C:\Users\elias\AppData\Local\Temp\cckSUgFa.s:2460   .debug_str:00000000000002fc .LASF118
C:\Users\elias\AppData\Local\Temp\cckSUgFa.s:2578   .debug_str:0000000000000586 .LASF119
C:\Users\elias\AppData\Local\Temp\cckSUgFa.s:2348   .debug_str:00000000000000d0 .LASF134
C:\Users\elias\AppData\Local\Temp\cckSUgFa.s:2534   .debug_str:00000000000004c2 .LASF120
C:\Users\elias\AppData\Local\Temp\cckSUgFa.s:2560   .debug_str:000000000000052e .LASF121
C:\Users\elias\AppData\Local\Temp\cckSUgFa.s:2444   .debug_str:00000000000002ba .LASF122
C:\Users\elias\AppData\Local\Temp\cckSUgFa.s:2462   .debug_str:0000000000000305 .LASF123
C:\Users\elias\AppData\Local\Temp\cckSUgFa.s:2466   .debug_str:0000000000000318 .LASF124
C:\Users\elias\AppData\Local\Temp\cckSUgFa.s:2544   .debug_str:00000000000004eb .LASF125
GAS LISTING C:\Users\elias\AppData\Local\Temp\cckSUgFa.s 			page 7


C:\Users\elias\AppData\Local\Temp\cckSUgFa.s:2588   .debug_str:00000000000005b4 .LASF126
C:\Users\elias\AppData\Local\Temp\cckSUgFa.s:2454   .debug_str:00000000000002e2 .LASF127
C:\Users\elias\AppData\Local\Temp\cckSUgFa.s:2336   .debug_str:000000000000007e .LASF135
C:\Users\elias\AppData\Local\Temp\cckSUgFa.s:46     .text.handle_trap:0000000000000000 .LFB6
C:\Users\elias\AppData\Local\Temp\cckSUgFa.s:87     .text.handle_trap:000000000000003a .LFE6
C:\Users\elias\AppData\Local\Temp\cckSUgFa.s:2235   .debug_loc:0000000000000000 .LLST1
C:\Users\elias\AppData\Local\Temp\cckSUgFa.s:2430   .debug_str:0000000000000270 .LASF128
C:\Users\elias\AppData\Local\Temp\cckSUgFa.s:2248   .debug_loc:0000000000000020 .LLST2
C:\Users\elias\AppData\Local\Temp\cckSUgFa.s:2259   .debug_loc:000000000000003e .LLST3
C:\Users\elias\AppData\Local\Temp\cckSUgFa.s:76     .text.handle_trap:0000000000000026 .LVL4
C:\Users\elias\AppData\Local\Temp\cckSUgFa.s:80     .text.handle_trap:0000000000000030 .LVL5
C:\Users\elias\AppData\Local\Temp\cckSUgFa.s:84     .text.handle_trap:0000000000000038 .LVL6
C:\Users\elias\AppData\Local\Temp\cckSUgFa.s:2448   .debug_str:00000000000002c9 .LASF136
C:\Users\elias\AppData\Local\Temp\cckSUgFa.s:14     .text.handle_nmi:0000000000000000 .LFB5
C:\Users\elias\AppData\Local\Temp\cckSUgFa.s:39     .text.handle_nmi:0000000000000022 .LFE5
C:\Users\elias\AppData\Local\Temp\cckSUgFa.s:2284   .debug_loc:0000000000000078 .LLST0
C:\Users\elias\AppData\Local\Temp\cckSUgFa.s:33     .text.handle_nmi:0000000000000018 .LVL0
C:\Users\elias\AppData\Local\Temp\cckSUgFa.s:37     .text.handle_nmi:0000000000000022 .LVL1
C:\Users\elias\AppData\Local\Temp\cckSUgFa.s:2332   .debug_str:000000000000006f .LASF129
C:\Users\elias\AppData\Local\Temp\cckSUgFa.s:2356   .debug_str:0000000000000101 .LASF130
C:\Users\elias\AppData\Local\Temp\cckSUgFa.s:53     .text.handle_trap:0000000000000002 .LCFI1
C:\Users\elias\AppData\Local\Temp\cckSUgFa.s:49     .text.handle_trap:0000000000000000 .LVL2
C:\Users\elias\AppData\Local\Temp\cckSUgFa.s:68     .text.handle_trap:0000000000000012 .LVL3
C:\Users\elias\AppData\Local\Temp\cckSUgFa.s:22     .text.handle_nmi:0000000000000006 .LCFI0
C:\Users\elias\AppData\Local\Temp\cckSUgFa.s:107    .debug_info:0000000000000000 .Ldebug_info0

UNDEFINED SYMBOLS
write
_exit
