GAS LISTING C:\Users\elias\AppData\Local\Temp\ccAEfycl.s 			page 1


   1              		.file	"init.c"
   2              		.option nopic
   3              		.attribute arch, "rv32i2p0_m2p0_a2p0_c2p0"
   4              		.attribute unaligned_access, 0
   5              		.attribute stack_align, 16
   6              		.text
   7              	.Ltext0:
   8              		.cfi_sections	.debug_frame
   9              		.section	.text._init,"ax",@progbits
  10              		.align	1
  11              		.globl	_init
  13              	_init:
  14              	.LFB5:
  15              		.file 1 "../../firmware/RISCV/env_Eclipse/init.c"
   1:../../firmware/RISCV/env_Eclipse/init.c **** //See LICENSE for license details.
   2:../../firmware/RISCV/env_Eclipse/init.c **** #include <gd32vf103.h>
   3:../../firmware/RISCV/env_Eclipse/init.c **** #include <stdint.h>
   4:../../firmware/RISCV/env_Eclipse/init.c **** #include <stdio.h>
   5:../../firmware/RISCV/env_Eclipse/init.c **** #include <unistd.h>
   6:../../firmware/RISCV/env_Eclipse/init.c **** #include "riscv_encoding.h"
   7:../../firmware/RISCV/env_Eclipse/init.c **** #include "n200_func.h"
   8:../../firmware/RISCV/env_Eclipse/init.c **** 
   9:../../firmware/RISCV/env_Eclipse/init.c **** extern uint32_t disable_mcycle_minstret();
  10:../../firmware/RISCV/env_Eclipse/init.c **** void _init()
  11:../../firmware/RISCV/env_Eclipse/init.c **** {
  16              		.loc 1 11 1
  17              		.cfi_startproc
  12:../../firmware/RISCV/env_Eclipse/init.c **** 	SystemInit();
  18              		.loc 1 12 2
  11:../../firmware/RISCV/env_Eclipse/init.c **** 	SystemInit();
  19              		.loc 1 11 1 is_stmt 0
  20 0000 4111     		addi	sp,sp,-16
  21              	.LCFI0:
  22              		.cfi_def_cfa_offset 16
  23 0002 06C6     		sw	ra,12(sp)
  24              		.cfi_offset 1, -4
  25              		.loc 1 12 2
  26 0004 97000000 		call	SystemInit
  26      E7800000 
  27              	.LVL0:
  13:../../firmware/RISCV/env_Eclipse/init.c **** 
  14:../../firmware/RISCV/env_Eclipse/init.c **** 	//ECLIC init
  15:../../firmware/RISCV/env_Eclipse/init.c **** 	eclic_init(ECLIC_NUM_INTERRUPTS);
  28              		.loc 1 15 2 is_stmt 1
  29 000c 13057005 		li	a0,87
  30 0010 97000000 		call	eclic_init
  30      E7800000 
  31              	.LVL1:
  16:../../firmware/RISCV/env_Eclipse/init.c **** 	eclic_mode_enable();
  32              		.loc 1 16 2
  33 0018 97000000 		call	eclic_mode_enable
  33      E7800000 
  34              	.LVL2:
  17:../../firmware/RISCV/env_Eclipse/init.c **** 
  18:../../firmware/RISCV/env_Eclipse/init.c **** 	//printf("After ECLIC mode enabled, the mtvec value is %x \n\n\r", read_csr(mtvec));
  19:../../firmware/RISCV/env_Eclipse/init.c **** 
  20:../../firmware/RISCV/env_Eclipse/init.c **** 	// // It must be NOTED:
GAS LISTING C:\Users\elias\AppData\Local\Temp\ccAEfycl.s 			page 2


  21:../../firmware/RISCV/env_Eclipse/init.c **** 	//  //    * In the RISC-V arch, if user mode and PMP supported, then by default if PMP is not conf
  22:../../firmware/RISCV/env_Eclipse/init.c **** 	//  //      with valid entries, then user mode cannot access any memory, and cannot execute any in
  23:../../firmware/RISCV/env_Eclipse/init.c **** 	//  //    * So if switch to user-mode and still want to continue, then you must configure PMP firs
  24:../../firmware/RISCV/env_Eclipse/init.c **** 	//pmp_open_all_space();
  25:../../firmware/RISCV/env_Eclipse/init.c **** 	//switch_m2u_mode();
  26:../../firmware/RISCV/env_Eclipse/init.c **** 	
  27:../../firmware/RISCV/env_Eclipse/init.c ****     /* Before enter into main, add the cycle/instret disable by default to save power,
  28:../../firmware/RISCV/env_Eclipse/init.c ****     only use them when needed to measure the cycle/instret */
  29:../../firmware/RISCV/env_Eclipse/init.c **** 	disable_mcycle_minstret();
  35              		.loc 1 29 2
  30:../../firmware/RISCV/env_Eclipse/init.c **** }
  36              		.loc 1 30 1 is_stmt 0
  37 0020 B240     		lw	ra,12(sp)
  38              		.cfi_restore 1
  39 0022 4101     		addi	sp,sp,16
  40              	.LCFI1:
  41              		.cfi_def_cfa_offset 0
  29:../../firmware/RISCV/env_Eclipse/init.c **** }
  42              		.loc 1 29 2
  43 0024 17030000 		tail	disable_mcycle_minstret
  43      67000300 
  44              	.LVL3:
  45              		.cfi_endproc
  46              	.LFE5:
  48              		.section	.text._fini,"ax",@progbits
  49              		.align	1
  50              		.globl	_fini
  52              	_fini:
  53              	.LFB6:
  31:../../firmware/RISCV/env_Eclipse/init.c **** 
  32:../../firmware/RISCV/env_Eclipse/init.c **** void _fini()
  33:../../firmware/RISCV/env_Eclipse/init.c **** {
  54              		.loc 1 33 1 is_stmt 1
  55              		.cfi_startproc
  34:../../firmware/RISCV/env_Eclipse/init.c **** }
  56              		.loc 1 34 1
  57 0000 8280     		ret
  58              		.cfi_endproc
  59              	.LFE6:
  61              		.text
  62              	.Letext0:
  63              		.file 2 "c:\\users\\elias\\desktop\\fft\\projektet\\toolchain-gd32v-win\\compiler\\riscv64-unknown
  64              		.file 3 "c:\\users\\elias\\desktop\\fft\\projektet\\toolchain-gd32v-win\\compiler\\riscv64-unknown
  65              		.file 4 "c:\\users\\elias\\desktop\\fft\\projektet\\toolchain-gd32v-win\\compiler\\lib\\gcc\\riscv
  66              		.file 5 "c:\\users\\elias\\desktop\\fft\\projektet\\toolchain-gd32v-win\\compiler\\riscv64-unknown
  67              		.file 6 "c:\\users\\elias\\desktop\\fft\\projektet\\toolchain-gd32v-win\\compiler\\riscv64-unknown
  68              		.file 7 "c:\\users\\elias\\desktop\\fft\\projektet\\toolchain-gd32v-win\\compiler\\riscv64-unknown
  69              		.file 8 "../../firmware/GD32VF103_standard_peripheral/system_gd32vf103.h"
  70              		.file 9 "c:\\users\\elias\\desktop\\fft\\projektet\\toolchain-gd32v-win\\compiler\\riscv64-unknown
  71              		.file 10 "../../firmware/RISCV/drivers/n200_func.h"
  72              		.file 11 "../../firmware/GD32VF103_standard_peripheral/gd32vf103.h"
GAS LISTING C:\Users\elias\AppData\Local\Temp\ccAEfycl.s 			page 3


DEFINED SYMBOLS
                            *ABS*:0000000000000000 init.c
C:\Users\elias\AppData\Local\Temp\ccAEfycl.s:13     .text._init:0000000000000000 _init
C:\Users\elias\AppData\Local\Temp\ccAEfycl.s:17     .text._init:0000000000000000 .L0 
C:\Users\elias\AppData\Local\Temp\ccAEfycl.s:18     .text._init:0000000000000000 .L0 
C:\Users\elias\AppData\Local\Temp\ccAEfycl.s:19     .text._init:0000000000000000 .L0 
C:\Users\elias\AppData\Local\Temp\ccAEfycl.s:20     .text._init:0000000000000000 .L0 
C:\Users\elias\AppData\Local\Temp\ccAEfycl.s:22     .text._init:0000000000000002 .L0 
C:\Users\elias\AppData\Local\Temp\ccAEfycl.s:24     .text._init:0000000000000004 .L0 
C:\Users\elias\AppData\Local\Temp\ccAEfycl.s:26     .text._init:0000000000000004 .L0 
C:\Users\elias\AppData\Local\Temp\ccAEfycl.s:29     .text._init:000000000000000c .L0 
C:\Users\elias\AppData\Local\Temp\ccAEfycl.s:33     .text._init:0000000000000018 .L0 
C:\Users\elias\AppData\Local\Temp\ccAEfycl.s:36     .text._init:0000000000000020 .L0 
C:\Users\elias\AppData\Local\Temp\ccAEfycl.s:37     .text._init:0000000000000020 .L0 
C:\Users\elias\AppData\Local\Temp\ccAEfycl.s:38     .text._init:0000000000000022 .L0 
C:\Users\elias\AppData\Local\Temp\ccAEfycl.s:41     .text._init:0000000000000024 .L0 
C:\Users\elias\AppData\Local\Temp\ccAEfycl.s:43     .text._init:0000000000000024 .L0 
C:\Users\elias\AppData\Local\Temp\ccAEfycl.s:45     .text._init:000000000000002c .L0 
C:\Users\elias\AppData\Local\Temp\ccAEfycl.s:52     .text._fini:0000000000000000 _fini
C:\Users\elias\AppData\Local\Temp\ccAEfycl.s:55     .text._fini:0000000000000000 .L0 
C:\Users\elias\AppData\Local\Temp\ccAEfycl.s:56     .text._fini:0000000000000000 .L0 
C:\Users\elias\AppData\Local\Temp\ccAEfycl.s:57     .text._fini:0000000000000000 .L0 
C:\Users\elias\AppData\Local\Temp\ccAEfycl.s:58     .text._fini:0000000000000002 .L0 
C:\Users\elias\AppData\Local\Temp\ccAEfycl.s:48     .text._init:000000000000002c .L0 
C:\Users\elias\AppData\Local\Temp\ccAEfycl.s:61     .text._fini:0000000000000002 .L0 
                     .debug_frame:0000000000000000 .L0 
C:\Users\elias\AppData\Local\Temp\ccAEfycl.s:1818   .debug_abbrev:0000000000000000 .Ldebug_abbrev0
C:\Users\elias\AppData\Local\Temp\ccAEfycl.s:2628   .debug_str:000000000000052b .LASF199
C:\Users\elias\AppData\Local\Temp\ccAEfycl.s:2698   .debug_str:000000000000071b .LASF200
C:\Users\elias\AppData\Local\Temp\ccAEfycl.s:2410   .debug_str:0000000000000016 .LASF201
C:\Users\elias\AppData\Local\Temp\ccAEfycl.s:2396   .debug_ranges:0000000000000000 .Ldebug_ranges0
C:\Users\elias\AppData\Local\Temp\ccAEfycl.s:2404   .debug_line:0000000000000000 .Ldebug_line0
C:\Users\elias\AppData\Local\Temp\ccAEfycl.s:2606   .debug_str:00000000000004b7 .LASF202
C:\Users\elias\AppData\Local\Temp\ccAEfycl.s:2524   .debug_str:0000000000000312 .LASF0
C:\Users\elias\AppData\Local\Temp\ccAEfycl.s:2812   .debug_str:0000000000000986 .LASF1
C:\Users\elias\AppData\Local\Temp\ccAEfycl.s:2754   .debug_str:0000000000000843 .LASF2
C:\Users\elias\AppData\Local\Temp\ccAEfycl.s:2518   .debug_str:00000000000002e3 .LASF3
C:\Users\elias\AppData\Local\Temp\ccAEfycl.s:2598   .debug_str:000000000000048e .LASF4
C:\Users\elias\AppData\Local\Temp\ccAEfycl.s:2576   .debug_str:0000000000000436 .LASF5
C:\Users\elias\AppData\Local\Temp\ccAEfycl.s:2792   .debug_str:0000000000000914 .LASF6
C:\Users\elias\AppData\Local\Temp\ccAEfycl.s:2744   .debug_str:0000000000000808 .LASF7
C:\Users\elias\AppData\Local\Temp\ccAEfycl.s:2578   .debug_str:0000000000000441 .LASF8
C:\Users\elias\AppData\Local\Temp\ccAEfycl.s:2784   .debug_str:00000000000008e9 .LASF9
C:\Users\elias\AppData\Local\Temp\ccAEfycl.s:2662   .debug_str:0000000000000660 .LASF10
C:\Users\elias\AppData\Local\Temp\ccAEfycl.s:2766   .debug_str:000000000000088e .LASF11
C:\Users\elias\AppData\Local\Temp\ccAEfycl.s:2816   .debug_str:000000000000099d .LASF12
C:\Users\elias\AppData\Local\Temp\ccAEfycl.s:2442   .debug_str:0000000000000122 .LASF13
C:\Users\elias\AppData\Local\Temp\ccAEfycl.s:2622   .debug_str:0000000000000501 .LASF14
C:\Users\elias\AppData\Local\Temp\ccAEfycl.s:2664   .debug_str:000000000000066d .LASF15
C:\Users\elias\AppData\Local\Temp\ccAEfycl.s:2676   .debug_str:00000000000006a3 .LASF16
C:\Users\elias\AppData\Local\Temp\ccAEfycl.s:2438   .debug_str:0000000000000104 .LASF17
C:\Users\elias\AppData\Local\Temp\ccAEfycl.s:2504   .debug_str:000000000000028e .LASF18
C:\Users\elias\AppData\Local\Temp\ccAEfycl.s:2554   .debug_str:00000000000003b1 .LASF19
C:\Users\elias\AppData\Local\Temp\ccAEfycl.s:2638   .debug_str:00000000000005d0 .LASF20
C:\Users\elias\AppData\Local\Temp\ccAEfycl.s:2776   .debug_str:00000000000008b9 .LASF21
C:\Users\elias\AppData\Local\Temp\ccAEfycl.s:2450   .debug_str:000000000000015c .LASF22
C:\Users\elias\AppData\Local\Temp\ccAEfycl.s:2446   .debug_str:000000000000013c .LASF23
GAS LISTING C:\Users\elias\AppData\Local\Temp\ccAEfycl.s 			page 4


C:\Users\elias\AppData\Local\Temp\ccAEfycl.s:2514   .debug_str:00000000000002cb .LASF24
C:\Users\elias\AppData\Local\Temp\ccAEfycl.s:2412   .debug_str:000000000000005e .LASF25
C:\Users\elias\AppData\Local\Temp\ccAEfycl.s:2458   .debug_str:000000000000019e .LASF26
C:\Users\elias\AppData\Local\Temp\ccAEfycl.s:2508   .debug_str:00000000000002af .LASF27
C:\Users\elias\AppData\Local\Temp\ccAEfycl.s:2498   .debug_str:0000000000000264 .LASF28
C:\Users\elias\AppData\Local\Temp\ccAEfycl.s:2546   .debug_str:0000000000000382 .LASF29
C:\Users\elias\AppData\Local\Temp\ccAEfycl.s:2472   .debug_str:00000000000001df .LASF30
C:\Users\elias\AppData\Local\Temp\ccAEfycl.s:2786   .debug_str:00000000000008f2 .LASF31
C:\Users\elias\AppData\Local\Temp\ccAEfycl.s:2448   .debug_str:0000000000000148 .LASF32
C:\Users\elias\AppData\Local\Temp\ccAEfycl.s:2618   .debug_str:00000000000004ee .LASF33
C:\Users\elias\AppData\Local\Temp\ccAEfycl.s:2658   .debug_str:000000000000064e .LASF34
C:\Users\elias\AppData\Local\Temp\ccAEfycl.s:2726   .debug_str:00000000000007ad .LASF35
C:\Users\elias\AppData\Local\Temp\ccAEfycl.s:2656   .debug_str:0000000000000641 .LASF36
C:\Users\elias\AppData\Local\Temp\ccAEfycl.s:2740   .debug_str:00000000000007f5 .LASF37
C:\Users\elias\AppData\Local\Temp\ccAEfycl.s:2422   .debug_str:0000000000000095 .LASF38
C:\Users\elias\AppData\Local\Temp\ccAEfycl.s:2804   .debug_str:0000000000000956 .LASF39
C:\Users\elias\AppData\Local\Temp\ccAEfycl.s:2538   .debug_str:0000000000000355 .LASF40
C:\Users\elias\AppData\Local\Temp\ccAEfycl.s:2584   .debug_str:0000000000000458 .LASF41
C:\Users\elias\AppData\Local\Temp\ccAEfycl.s:2482   .debug_str:0000000000000213 .LASF42
C:\Users\elias\AppData\Local\Temp\ccAEfycl.s:2650   .debug_str:0000000000000624 .LASF43
C:\Users\elias\AppData\Local\Temp\ccAEfycl.s:2710   .debug_str:0000000000000768 .LASF44
C:\Users\elias\AppData\Local\Temp\ccAEfycl.s:2768   .debug_str:0000000000000899 .LASF45
C:\Users\elias\AppData\Local\Temp\ccAEfycl.s:2734   .debug_str:00000000000007d5 .LASF46
C:\Users\elias\AppData\Local\Temp\ccAEfycl.s:2810   .debug_str:0000000000000976 .LASF47
C:\Users\elias\AppData\Local\Temp\ccAEfycl.s:2528   .debug_str:0000000000000329 .LASF48
C:\Users\elias\AppData\Local\Temp\ccAEfycl.s:2486   .debug_str:0000000000000231 .LASF49
C:\Users\elias\AppData\Local\Temp\ccAEfycl.s:2624   .debug_str:000000000000050c .LASF50
C:\Users\elias\AppData\Local\Temp\ccAEfycl.s:2642   .debug_str:00000000000005ea .LASF51
C:\Users\elias\AppData\Local\Temp\ccAEfycl.s:2516   .debug_str:00000000000002d8 .LASF52
C:\Users\elias\AppData\Local\Temp\ccAEfycl.s:2544   .debug_str:0000000000000376 .LASF53
C:\Users\elias\AppData\Local\Temp\ccAEfycl.s:2590   .debug_str:000000000000046f .LASF54
C:\Users\elias\AppData\Local\Temp\ccAEfycl.s:2798   .debug_str:0000000000000937 .LASF55
C:\Users\elias\AppData\Local\Temp\ccAEfycl.s:2644   .debug_str:00000000000005f5 .LASF56
C:\Users\elias\AppData\Local\Temp\ccAEfycl.s:2610   .debug_str:00000000000004c5 .LASF57
C:\Users\elias\AppData\Local\Temp\ccAEfycl.s:2502   .debug_str:000000000000027b .LASF58
C:\Users\elias\AppData\Local\Temp\ccAEfycl.s:2522   .debug_str:00000000000002ff .LASF59
C:\Users\elias\AppData\Local\Temp\ccAEfycl.s:2568   .debug_str:0000000000000405 .LASF60
C:\Users\elias\AppData\Local\Temp\ccAEfycl.s:2414   .debug_str:000000000000006c .LASF61
C:\Users\elias\AppData\Local\Temp\ccAEfycl.s:2430   .debug_str:00000000000000cb .LASF62
C:\Users\elias\AppData\Local\Temp\ccAEfycl.s:2560   .debug_str:00000000000003de .LASF63
C:\Users\elias\AppData\Local\Temp\ccAEfycl.s:2574   .debug_str:000000000000042b .LASF64
C:\Users\elias\AppData\Local\Temp\ccAEfycl.s:2626   .debug_str:0000000000000516 .LASF65
C:\Users\elias\AppData\Local\Temp\ccAEfycl.s:2730   .debug_str:00000000000007bf .LASF66
C:\Users\elias\AppData\Local\Temp\ccAEfycl.s:2464   .debug_str:00000000000001ba .LASF67
C:\Users\elias\AppData\Local\Temp\ccAEfycl.s:2748   .debug_str:0000000000000827 .LASF68
C:\Users\elias\AppData\Local\Temp\ccAEfycl.s:2408   .debug_str:000000000000000c .LASF69
C:\Users\elias\AppData\Local\Temp\ccAEfycl.s:2746   .debug_str:0000000000000814 .LASF70
C:\Users\elias\AppData\Local\Temp\ccAEfycl.s:2490   .debug_str:0000000000000245 .LASF71
C:\Users\elias\AppData\Local\Temp\ccAEfycl.s:2736   .debug_str:00000000000007e4 .LASF75
C:\Users\elias\AppData\Local\Temp\ccAEfycl.s:2558   .debug_str:00000000000003cc .LASF72
C:\Users\elias\AppData\Local\Temp\ccAEfycl.s:2506   .debug_str:00000000000002a1 .LASF73
C:\Users\elias\AppData\Local\Temp\ccAEfycl.s:2432   .debug_str:00000000000000d9 .LASF74
C:\Users\elias\AppData\Local\Temp\ccAEfycl.s:2762   .debug_str:0000000000000878 .LASF76
C:\Users\elias\AppData\Local\Temp\ccAEfycl.s:2550   .debug_str:0000000000000399 .LASF186
C:\Users\elias\AppData\Local\Temp\ccAEfycl.s:2716   .debug_str:0000000000000786 .LASF77
C:\Users\elias\AppData\Local\Temp\ccAEfycl.s:2640   .debug_str:00000000000005e3 .LASF78
C:\Users\elias\AppData\Local\Temp\ccAEfycl.s:2460   .debug_str:00000000000001ac .LASF79
GAS LISTING C:\Users\elias\AppData\Local\Temp\ccAEfycl.s 			page 5


C:\Users\elias\AppData\Local\Temp\ccAEfycl.s:2714   .debug_str:000000000000077e .LASF80
C:\Users\elias\AppData\Local\Temp\ccAEfycl.s:2778   .debug_str:00000000000008cc .LASF81
C:\Users\elias\AppData\Local\Temp\ccAEfycl.s:2582   .debug_str:0000000000000452 .LASF82
C:\Users\elias\AppData\Local\Temp\ccAEfycl.s:2548   .debug_str:0000000000000392 .LASF83
C:\Users\elias\AppData\Local\Temp\ccAEfycl.s:2706   .debug_str:0000000000000758 .LASF84
C:\Users\elias\AppData\Local\Temp\ccAEfycl.s:2708   .debug_str:0000000000000760 .LASF85
C:\Users\elias\AppData\Local\Temp\ccAEfycl.s:2680   .debug_str:00000000000006bd .LASF86
C:\Users\elias\AppData\Local\Temp\ccAEfycl.s:2756   .debug_str:0000000000000850 .LASF87
C:\Users\elias\AppData\Local\Temp\ccAEfycl.s:2648   .debug_str:0000000000000612 .LASF88
C:\Users\elias\AppData\Local\Temp\ccAEfycl.s:2668   .debug_str:0000000000000681 .LASF89
C:\Users\elias\AppData\Local\Temp\ccAEfycl.s:2536   .debug_str:000000000000034d .LASF94
C:\Users\elias\AppData\Local\Temp\ccAEfycl.s:2738   .debug_str:00000000000007ef .LASF90
C:\Users\elias\AppData\Local\Temp\ccAEfycl.s:2700   .debug_str:0000000000000743 .LASF91
C:\Users\elias\AppData\Local\Temp\ccAEfycl.s:2530   .debug_str:0000000000000333 .LASF92
C:\Users\elias\AppData\Local\Temp\ccAEfycl.s:2772   .debug_str:00000000000008ae .LASF93
C:\Users\elias\AppData\Local\Temp\ccAEfycl.s:2512   .debug_str:00000000000002c6 .LASF95
C:\Users\elias\AppData\Local\Temp\ccAEfycl.s:2456   .debug_str:0000000000000195 .LASF96
C:\Users\elias\AppData\Local\Temp\ccAEfycl.s:2750   .debug_str:0000000000000835 .LASF97
C:\Users\elias\AppData\Local\Temp\ccAEfycl.s:2474   .debug_str:00000000000001ee .LASF98
C:\Users\elias\AppData\Local\Temp\ccAEfycl.s:2814   .debug_str:0000000000000993 .LASF99
C:\Users\elias\AppData\Local\Temp\ccAEfycl.s:2630   .debug_str:00000000000005a5 .LASF100
C:\Users\elias\AppData\Local\Temp\ccAEfycl.s:2604   .debug_str:00000000000004ad .LASF101
C:\Users\elias\AppData\Local\Temp\ccAEfycl.s:2712   .debug_str:0000000000000774 .LASF102
C:\Users\elias\AppData\Local\Temp\ccAEfycl.s:2670   .debug_str:000000000000068a .LASF103
C:\Users\elias\AppData\Local\Temp\ccAEfycl.s:2794   .debug_str:000000000000091d .LASF104
C:\Users\elias\AppData\Local\Temp\ccAEfycl.s:2478   .debug_str:00000000000001fd .LASF105
C:\Users\elias\AppData\Local\Temp\ccAEfycl.s:2416   .debug_str:000000000000007a .LASF106
C:\Users\elias\AppData\Local\Temp\ccAEfycl.s:2406   .debug_str:0000000000000000 .LASF107
C:\Users\elias\AppData\Local\Temp\ccAEfycl.s:2732   .debug_str:00000000000007cc .LASF108
C:\Users\elias\AppData\Local\Temp\ccAEfycl.s:2494   .debug_str:0000000000000255 .LASF109
C:\Users\elias\AppData\Local\Temp\ccAEfycl.s:2632   .debug_str:00000000000005ae .LASF110
C:\Users\elias\AppData\Local\Temp\ccAEfycl.s:2690   .debug_str:00000000000006eb .LASF111
C:\Users\elias\AppData\Local\Temp\ccAEfycl.s:2526   .debug_str:0000000000000324 .LASF112
C:\Users\elias\AppData\Local\Temp\ccAEfycl.s:2672   .debug_str:0000000000000694 .LASF113
C:\Users\elias\AppData\Local\Temp\ccAEfycl.s:2470   .debug_str:00000000000001d9 .LASF114
C:\Users\elias\AppData\Local\Temp\ccAEfycl.s:2728   .debug_str:00000000000007b9 .LASF115
C:\Users\elias\AppData\Local\Temp\ccAEfycl.s:2682   .debug_str:00000000000006c8 .LASF116
C:\Users\elias\AppData\Local\Temp\ccAEfycl.s:2492   .debug_str:000000000000024e .LASF117
C:\Users\elias\AppData\Local\Temp\ccAEfycl.s:2770   .debug_str:00000000000008a8 .LASF118
C:\Users\elias\AppData\Local\Temp\ccAEfycl.s:2434   .debug_str:00000000000000f0 .LASF119
C:\Users\elias\AppData\Local\Temp\ccAEfycl.s:2480   .debug_str:000000000000020b .LASF120
C:\Users\elias\AppData\Local\Temp\ccAEfycl.s:2542   .debug_str:0000000000000370 .LASF121
C:\Users\elias\AppData\Local\Temp\ccAEfycl.s:2602   .debug_str:00000000000004a6 .LASF122
C:\Users\elias\AppData\Local\Temp\ccAEfycl.s:2742   .debug_str:0000000000000802 .LASF123
C:\Users\elias\AppData\Local\Temp\ccAEfycl.s:2462   .debug_str:00000000000001b3 .LASF124
C:\Users\elias\AppData\Local\Temp\ccAEfycl.s:2468   .debug_str:00000000000001d3 .LASF125
C:\Users\elias\AppData\Local\Temp\ccAEfycl.s:2788   .debug_str:0000000000000906 .LASF126
C:\Users\elias\AppData\Local\Temp\ccAEfycl.s:2724   .debug_str:00000000000007a4 .LASF127
C:\Users\elias\AppData\Local\Temp\ccAEfycl.s:2614   .debug_str:00000000000004df .LASF128
C:\Users\elias\AppData\Local\Temp\ccAEfycl.s:2562   .debug_str:00000000000003ed .LASF129
C:\Users\elias\AppData\Local\Temp\ccAEfycl.s:2592   .debug_str:000000000000047b .LASF130
C:\Users\elias\AppData\Local\Temp\ccAEfycl.s:2684   .debug_str:00000000000006d0 .LASF131
C:\Users\elias\AppData\Local\Temp\ccAEfycl.s:2674   .debug_str:000000000000069b .LASF132
C:\Users\elias\AppData\Local\Temp\ccAEfycl.s:2702   .debug_str:000000000000074b .LASF133
C:\Users\elias\AppData\Local\Temp\ccAEfycl.s:2720   .debug_str:0000000000000798 .LASF134
C:\Users\elias\AppData\Local\Temp\ccAEfycl.s:2496   .debug_str:000000000000025d .LASF135
C:\Users\elias\AppData\Local\Temp\ccAEfycl.s:2552   .debug_str:00000000000003a9 .LASF136
GAS LISTING C:\Users\elias\AppData\Local\Temp\ccAEfycl.s 			page 6


C:\Users\elias\AppData\Local\Temp\ccAEfycl.s:2534   .debug_str:0000000000000345 .LASF137
C:\Users\elias\AppData\Local\Temp\ccAEfycl.s:2688   .debug_str:00000000000006e6 .LASF138
C:\Users\elias\AppData\Local\Temp\ccAEfycl.s:2420   .debug_str:000000000000008a .LASF139
C:\Users\elias\AppData\Local\Temp\ccAEfycl.s:2696   .debug_str:0000000000000702 .LASF140
C:\Users\elias\AppData\Local\Temp\ccAEfycl.s:2692   .debug_str:00000000000006f0 .LASF141
C:\Users\elias\AppData\Local\Temp\ccAEfycl.s:2634   .debug_str:00000000000005b6 .LASF142
C:\Users\elias\AppData\Local\Temp\ccAEfycl.s:2694   .debug_str:00000000000006f8 .LASF143
C:\Users\elias\AppData\Local\Temp\ccAEfycl.s:2580   .debug_str:000000000000044a .LASF144
C:\Users\elias\AppData\Local\Temp\ccAEfycl.s:2500   .debug_str:0000000000000271 .LASF145
C:\Users\elias\AppData\Local\Temp\ccAEfycl.s:2808   .debug_str:0000000000000971 .LASF146
C:\Users\elias\AppData\Local\Temp\ccAEfycl.s:2646   .debug_str:0000000000000608 .LASF147
C:\Users\elias\AppData\Local\Temp\ccAEfycl.s:2556   .debug_str:00000000000003c4 .LASF148
C:\Users\elias\AppData\Local\Temp\ccAEfycl.s:2510   .debug_str:00000000000002be .LASF149
C:\Users\elias\AppData\Local\Temp\ccAEfycl.s:2588   .debug_str:000000000000046a .LASF150
C:\Users\elias\AppData\Local\Temp\ccAEfycl.s:2424   .debug_str:00000000000000a2 .LASF151
C:\Users\elias\AppData\Local\Temp\ccAEfycl.s:2782   .debug_str:00000000000008df .LASF152
C:\Users\elias\AppData\Local\Temp\ccAEfycl.s:2488   .debug_str:000000000000023d .LASF153
C:\Users\elias\AppData\Local\Temp\ccAEfycl.s:2476   .debug_str:00000000000001f8 .LASF154
C:\Users\elias\AppData\Local\Temp\ccAEfycl.s:2722   .debug_str:000000000000079f .LASF155
C:\Users\elias\AppData\Local\Temp\ccAEfycl.s:2678   .debug_str:00000000000006b6 .LASF156
C:\Users\elias\AppData\Local\Temp\ccAEfycl.s:2774   .debug_str:00000000000008b3 .LASF157
C:\Users\elias\AppData\Local\Temp\ccAEfycl.s:2564   .debug_str:00000000000003f3 .LASF158
C:\Users\elias\AppData\Local\Temp\ccAEfycl.s:2660   .debug_str:000000000000065a .LASF159
C:\Users\elias\AppData\Local\Temp\ccAEfycl.s:2418   .debug_str:0000000000000082 .LASF160
C:\Users\elias\AppData\Local\Temp\ccAEfycl.s:2704   .debug_str:0000000000000752 .LASF161
C:\Users\elias\AppData\Local\Temp\ccAEfycl.s:2594   .debug_str:0000000000000481 .LASF162
C:\Users\elias\AppData\Local\Temp\ccAEfycl.s:2752   .debug_str:000000000000083e .LASF163
C:\Users\elias\AppData\Local\Temp\ccAEfycl.s:2764   .debug_str:0000000000000881 .LASF164
C:\Users\elias\AppData\Local\Temp\ccAEfycl.s:2466   .debug_str:00000000000001c6 .LASF165
C:\Users\elias\AppData\Local\Temp\ccAEfycl.s:2572   .debug_str:000000000000041e .LASF166
C:\Users\elias\AppData\Local\Temp\ccAEfycl.s:2796   .debug_str:0000000000000928 .LASF167
C:\Users\elias\AppData\Local\Temp\ccAEfycl.s:2636   .debug_str:00000000000005c1 .LASF168
C:\Users\elias\AppData\Local\Temp\ccAEfycl.s:2566   .debug_str:00000000000003fa .LASF169
C:\Users\elias\AppData\Local\Temp\ccAEfycl.s:2800   .debug_str:000000000000094a .LASF170
C:\Users\elias\AppData\Local\Temp\ccAEfycl.s:2686   .debug_str:00000000000006d9 .LASF171
C:\Users\elias\AppData\Local\Temp\ccAEfycl.s:2806   .debug_str:0000000000000963 .LASF172
C:\Users\elias\AppData\Local\Temp\ccAEfycl.s:2454   .debug_str:0000000000000187 .LASF173
C:\Users\elias\AppData\Local\Temp\ccAEfycl.s:2780   .debug_str:00000000000008d5 .LASF174
C:\Users\elias\AppData\Local\Temp\ccAEfycl.s:2570   .debug_str:0000000000000412 .LASF175
C:\Users\elias\AppData\Local\Temp\ccAEfycl.s:2758   .debug_str:0000000000000858 .LASF176
C:\Users\elias\AppData\Local\Temp\ccAEfycl.s:2520   .debug_str:00000000000002f1 .LASF177
C:\Users\elias\AppData\Local\Temp\ccAEfycl.s:2444   .debug_str:000000000000012d .LASF178
C:\Users\elias\AppData\Local\Temp\ccAEfycl.s:2540   .debug_str:000000000000035f .LASF179
C:\Users\elias\AppData\Local\Temp\ccAEfycl.s:2426   .debug_str:00000000000000ab .LASF180
C:\Users\elias\AppData\Local\Temp\ccAEfycl.s:2428   .debug_str:00000000000000ba .LASF181
C:\Users\elias\AppData\Local\Temp\ccAEfycl.s:2666   .debug_str:0000000000000678 .LASF182
C:\Users\elias\AppData\Local\Temp\ccAEfycl.s:2620   .debug_str:00000000000004fa .LASF183
C:\Users\elias\AppData\Local\Temp\ccAEfycl.s:2608   .debug_str:00000000000004bc .LASF184
C:\Users\elias\AppData\Local\Temp\ccAEfycl.s:2790   .debug_str:000000000000090c .LASF185
C:\Users\elias\AppData\Local\Temp\ccAEfycl.s:2440   .debug_str:0000000000000117 .LASF203
C:\Users\elias\AppData\Local\Temp\ccAEfycl.s:2532   .debug_str:0000000000000339 .LASF187
C:\Users\elias\AppData\Local\Temp\ccAEfycl.s:2760   .debug_str:0000000000000865 .LASF188
C:\Users\elias\AppData\Local\Temp\ccAEfycl.s:2586   .debug_str:0000000000000462 .LASF189
C:\Users\elias\AppData\Local\Temp\ccAEfycl.s:2612   .debug_str:00000000000004d8 .LASF190
C:\Users\elias\AppData\Local\Temp\ccAEfycl.s:2616   .debug_str:00000000000004e7 .LASF191
C:\Users\elias\AppData\Local\Temp\ccAEfycl.s:2596   .debug_str:0000000000000487 .LASF192
C:\Users\elias\AppData\Local\Temp\ccAEfycl.s:2802   .debug_str:000000000000094f .LASF193
GAS LISTING C:\Users\elias\AppData\Local\Temp\ccAEfycl.s 			page 7


C:\Users\elias\AppData\Local\Temp\ccAEfycl.s:2600   .debug_str:000000000000049d .LASF194
C:\Users\elias\AppData\Local\Temp\ccAEfycl.s:2652   .debug_str:0000000000000630 .LASF204
C:\Users\elias\AppData\Local\Temp\ccAEfycl.s:53     .text._fini:0000000000000000 .LFB6
C:\Users\elias\AppData\Local\Temp\ccAEfycl.s:59     .text._fini:0000000000000002 .LFE6
C:\Users\elias\AppData\Local\Temp\ccAEfycl.s:2718   .debug_str:0000000000000792 .LASF205
C:\Users\elias\AppData\Local\Temp\ccAEfycl.s:14     .text._init:0000000000000000 .LFB5
C:\Users\elias\AppData\Local\Temp\ccAEfycl.s:46     .text._init:000000000000002c .LFE5
C:\Users\elias\AppData\Local\Temp\ccAEfycl.s:2363   .debug_loc:0000000000000000 .LLST0
C:\Users\elias\AppData\Local\Temp\ccAEfycl.s:27     .text._init:000000000000000c .LVL0
C:\Users\elias\AppData\Local\Temp\ccAEfycl.s:31     .text._init:0000000000000018 .LVL1
C:\Users\elias\AppData\Local\Temp\ccAEfycl.s:34     .text._init:0000000000000020 .LVL2
C:\Users\elias\AppData\Local\Temp\ccAEfycl.s:44     .text._init:000000000000002c .LVL3
C:\Users\elias\AppData\Local\Temp\ccAEfycl.s:2654   .debug_str:0000000000000636 .LASF195
C:\Users\elias\AppData\Local\Temp\ccAEfycl.s:2436   .debug_str:00000000000000f9 .LASF196
C:\Users\elias\AppData\Local\Temp\ccAEfycl.s:2484   .debug_str:000000000000021f .LASF197
C:\Users\elias\AppData\Local\Temp\ccAEfycl.s:2452   .debug_str:000000000000016f .LASF198
C:\Users\elias\AppData\Local\Temp\ccAEfycl.s:21     .text._init:0000000000000002 .LCFI0
C:\Users\elias\AppData\Local\Temp\ccAEfycl.s:40     .text._init:0000000000000024 .LCFI1
C:\Users\elias\AppData\Local\Temp\ccAEfycl.s:74     .debug_info:0000000000000000 .Ldebug_info0

UNDEFINED SYMBOLS
SystemInit
eclic_init
eclic_mode_enable
disable_mcycle_minstret
